<?xml version="1.0" encoding="UTF-8"?>
<!-- Generated by org.testng.reporters.JUnitXMLReporter -->
<testsuite hostname="LMS" ignored="1" name="Default test" tests="3" failures="0" timestamp="24 Jul 2018 13:47:24 GMT" time="106.789" errors="0">
  <testcase name="loginRegistration" time="5.267" classname="pmxdPackage.LaunchPMXD"/>
  <testcase name="pLogin" time="20.103" classname="pmxdPackage.LaunchPMXD"/>
  <testcase name="openQA" time="55.9" classname="pmxdPackage.LaunchPMXD"/>
  <testcase name="loginPMXD" time="0.0" classname="pmxdPackage.LaunchPMXD">
    <ignored/>
  </testcase> <!-- loginPMXD -->
</testsuite> <!-- Default test -->
