<?xml version="1.0" encoding="UTF-8"?>
<!-- Generated by org.testng.reporters.JUnitXMLReporter -->
<testsuite hostname="LMS" ignored="1" name="Default test" tests="3" failures="0" timestamp="25 Jul 2018 12:12:37 GMT" time="110.186" errors="0">
  <testcase name="loginRegistration" time="5.234" classname="pmxdPackage.LaunchPMXD"/>
  <testcase name="pLogin" time="20.121" classname="pmxdPackage.LaunchPMXD"/>
  <testcase name="openQA" time="56.011" classname="pmxdPackage.LaunchPMXD"/>
  <testcase name="loginPMXD" time="0.0" classname="pmxdPackage.LaunchPMXD">
    <ignored/>
  </testcase> <!-- loginPMXD -->
</testsuite> <!-- Default test -->
