<?xml version="1.0" encoding="UTF-8"?>
<testng-results skipped="0" failed="0" ignored="1" total="4" passed="3">
  <reporter-output>
  </reporter-output>
  <suite name="Default suite" duration-ms="106789" started-at="2018-07-24T13:45:37Z" finished-at="2018-07-24T13:47:24Z">
    <groups>
    </groups>
    <test name="Default test" duration-ms="106789" started-at="2018-07-24T13:45:37Z" finished-at="2018-07-24T13:47:24Z">
      <class name="pmxdPackage.LaunchPMXD">
        <test-method status="PASS" signature="beforeClass()[pri:0, instance:pmxdPackage.LaunchPMXD@4d95d2a2]" name="beforeClass" is-config="true" duration-ms="22453" started-at="2018-07-24T13:45:37Z" finished-at="2018-07-24T13:45:59Z">
          <reporter-output>
          </reporter-output>
        </test-method> <!-- beforeClass -->
        <test-method status="PASS" signature="loginRegistration()[pri:1, instance:pmxdPackage.LaunchPMXD@4d95d2a2]" name="loginRegistration" duration-ms="5267" started-at="2018-07-24T13:45:59Z" finished-at="2018-07-24T13:46:05Z">
          <reporter-output>
          </reporter-output>
        </test-method> <!-- loginRegistration -->
        <test-method status="PASS" signature="afterMethod()[pri:0, instance:pmxdPackage.LaunchPMXD@4d95d2a2]" name="afterMethod" is-config="true" duration-ms="1001" started-at="2018-07-24T13:46:05Z" finished-at="2018-07-24T13:46:06Z">
          <reporter-output>
          </reporter-output>
        </test-method> <!-- afterMethod -->
        <test-method status="PASS" signature="pLogin()[pri:3, instance:pmxdPackage.LaunchPMXD@4d95d2a2]" name="pLogin" duration-ms="20103" started-at="2018-07-24T13:46:06Z" finished-at="2018-07-24T13:46:26Z">
          <reporter-output>
          </reporter-output>
        </test-method> <!-- pLogin -->
        <test-method status="PASS" signature="afterMethod()[pri:0, instance:pmxdPackage.LaunchPMXD@4d95d2a2]" name="afterMethod" is-config="true" duration-ms="1000" started-at="2018-07-24T13:46:26Z" finished-at="2018-07-24T13:46:27Z">
          <reporter-output>
          </reporter-output>
        </test-method> <!-- afterMethod -->
        <test-method status="PASS" signature="openQA()[pri:4, instance:pmxdPackage.LaunchPMXD@4d95d2a2]" name="openQA" duration-ms="55900" started-at="2018-07-24T13:46:27Z" finished-at="2018-07-24T13:47:23Z">
          <reporter-output>
          </reporter-output>
        </test-method> <!-- openQA -->
        <test-method status="PASS" signature="afterMethod()[pri:0, instance:pmxdPackage.LaunchPMXD@4d95d2a2]" name="afterMethod" is-config="true" duration-ms="1000" started-at="2018-07-24T13:47:23Z" finished-at="2018-07-24T13:47:24Z">
          <reporter-output>
          </reporter-output>
        </test-method> <!-- afterMethod -->
      </class> <!-- pmxdPackage.LaunchPMXD -->
    </test> <!-- Default test -->
  </suite> <!-- Default suite -->
</testng-results>
